<?xml version="1.0" encoding="UTF-8"?>
<!-- Generated by org.testng.reporters.JUnitReportReporter -->
<testsuite hostname="DESKTOP-PARLO39" name="testSuit.KnowledgeBaseLoginTest" tests="5" failures="0" timestamp="17 May 2018 20:47:00 GMT" time="50.028" errors="0">
  <testcase name="testHomePageTabSwitching" time="0.013" classname="testSuit.KnowledgeBaseLoginTest"/>
  <testcase name="testLoginWithValidCredentialsInMobiControl" time="15.592" classname="testSuit.KnowledgeBaseLoginTest"/>
  <testcase name="testLoginWithInvalidCrerdentialsInMobicontrol" time="19.252" classname="testSuit.KnowledgeBaseLoginTest"/>
  <testcase name="testExistenceOfFeedbackButton" time="15.008" classname="testSuit.KnowledgeBaseLoginTest"/>
  <testcase name="testHomePageTitle" time="0.163" classname="testSuit.KnowledgeBaseLoginTest"/>
</testsuite> <!-- testSuit.KnowledgeBaseLoginTest -->
