<?xml version="1.0" encoding="UTF-8"?>
<!-- Generated by org.testng.reporters.JUnitReportReporter -->
<testsuite hostname="IND157" name="testSuit.KnowledgeBaseLoginTest" tests="2" failures="0" timestamp="23 May 2018 15:14:04 GMT" time="31.832" errors="0">
  <testcase name="testLoginWithInvalidCrerdentialsInMobicontrol" time="16.660" classname="testSuit.KnowledgeBaseLoginTest"/>
  <testcase name="testLoginWithValidCredentialsInMobiControl" time="15.172" classname="testSuit.KnowledgeBaseLoginTest"/>
</testsuite> <!-- testSuit.KnowledgeBaseLoginTest -->
