<?xml version="1.0" encoding="UTF-8"?>
<!-- Generated by org.testng.reporters.JUnitReportReporter -->
<testsuite hostname="IND157" name="testSuit.TestMyFollowing" tests="10" failures="0" timestamp="23 May 2018 15:14:04 GMT" time="0.017" errors="0">
  <testcase name="testUpvoteAction" time="0.001" classname="testSuit.TestMyFollowing"/>
  <testcase name="testFollowActionOnCategoryScreen" time="0.004" classname="testSuit.TestMyFollowing"/>
  <testcase name="testUnFollowActionOnDiscussionsTab" time="0.001" classname="testSuit.TestMyFollowing"/>
  <testcase name="testRedirectitonToUserProfile" time="0.001" classname="testSuit.TestMyFollowing"/>
  <testcase name="testAnswerAction" time="0.002" classname="testSuit.TestMyFollowing"/>
  <testcase name="testRedirectionToCategoryScreen" time="0.002" classname="testSuit.TestMyFollowing"/>
  <testcase name="testPostStats" time="0.002" classname="testSuit.TestMyFollowing"/>
  <testcase name="testRedirectionToPost" time="0.001" classname="testSuit.TestMyFollowing"/>
  <testcase name="testTabSwitching" time="0.001" classname="testSuit.TestMyFollowing"/>
  <testcase name="testPageTitle" time="0.002" classname="testSuit.TestMyFollowing"/>
</testsuite> <!-- testSuit.TestMyFollowing -->
