<?xml version="1.0" encoding="UTF-8"?>
<!-- Generated by org.testng.reporters.JUnitReportReporter -->
<testsuite hostname="DESKTOP-PARLO39" name="testSuit.KnowledgeBaseLoginTest" tests="2" failures="0" timestamp="19 May 2018 13:03:47 GMT" time="221.872" errors="0">
  <testcase name="testLoginWithInvalidCrerdentialsInMobicontrol" time="24.381" classname="testSuit.KnowledgeBaseLoginTest"/>
  <testcase name="testLoginWithValidCredentialsInMobiControl" time="197.491" classname="testSuit.KnowledgeBaseLoginTest"/>
</testsuite> <!-- testSuit.KnowledgeBaseLoginTest -->
