<?xml version="1.0" encoding="UTF-8"?>
<!-- Generated by org.testng.reporters.JUnitReportReporter -->
<testsuite hostname="IND157" name="testSuit.KnowledgeBaseLoginTest" tests="2" failures="0" timestamp="23 May 2018 14:34:23 GMT" time="40.057" errors="0">
  <testcase name="testLoginWithInvalidCrerdentialsInMobicontrol" time="16.559" classname="testSuit.KnowledgeBaseLoginTest"/>
  <testcase name="testLoginWithValidCredentialsInMobiControl" time="23.498" classname="testSuit.KnowledgeBaseLoginTest"/>
</testsuite> <!-- testSuit.KnowledgeBaseLoginTest -->
