<?xml version="1.0" encoding="UTF-8"?>
<!-- Generated by org.testng.reporters.JUnitReportReporter -->
<testsuite hostname="DESKTOP-PARLO39" name="testSuit.TestMyFollowing" tests="5" failures="0" timestamp="19 May 2018 13:03:47 GMT" time="0.009" errors="0">
  <testcase name="testRedirectitonToUserProfile" time="0.003" classname="testSuit.TestMyFollowing"/>
  <testcase name="testPageTitle" time="0.002" classname="testSuit.TestMyFollowing"/>
  <testcase name="testTabSwitching" time="0.001" classname="testSuit.TestMyFollowing"/>
  <testcase name="testRedirectionToPost" time="0.001" classname="testSuit.TestMyFollowing"/>
  <testcase name="testPostStats" time="0.002" classname="testSuit.TestMyFollowing"/>
</testsuite> <!-- testSuit.TestMyFollowing -->
