<?xml version="1.0" encoding="UTF-8"?>
<!-- Generated by org.testng.reporters.JUnitReportReporter -->
<testsuite hostname="IND157" name="testSuit.TestTopicDetails" tests="1" failures="0" timestamp="26 Jun 2018 09:43:47 GMT" time="5.677" errors="0">
  <testcase name="testEditDraftCancelOnTopicDetailPage" time="5.677" classname="testSuit.TestTopicDetails"/>
</testsuite> <!-- testSuit.TestTopicDetails -->
