<?xml version="1.0" encoding="UTF-8"?>
<!-- Generated by org.testng.reporters.JUnitReportReporter -->
<testsuite hostname="IND157" name="testSuit.KnowledgeBaseLoginTest" tests="2" failures="0" timestamp="21 Jun 2018 13:15:57 GMT" time="35.734" errors="0">
  <testcase name="testLoginWithInvalidCrerdentialsInMobicontrol" time="16.694" classname="testSuit.KnowledgeBaseLoginTest"/>
  <testcase name="testLoginWithValidCredentialsInMobiControl" time="19.040" classname="testSuit.KnowledgeBaseLoginTest"/>
</testsuite> <!-- testSuit.KnowledgeBaseLoginTest -->
