<?xml version="1.0" encoding="UTF-8"?>
<!-- Generated by org.testng.reporters.JUnitReportReporter -->
<testsuite hostname="IND157" name="testSuit.TestTopicDetails" tests="1" failures="0" timestamp="26 Jun 2018 12:08:45 GMT" time="6.280" errors="0">
  <testcase name="testEditDraftCancelOnTopicDetailPage" time="6.280" classname="testSuit.TestTopicDetails"/>
</testsuite> <!-- testSuit.TestTopicDetails -->
