<?xml version="1.0" encoding="UTF-8"?>
<!-- Generated by org.testng.reporters.JUnitReportReporter -->
<testsuite hostname="IND157" name="testSuit.KnowledgeBaseLoginTest" tests="2" failures="0" timestamp="27 Jun 2018 07:15:24 GMT" time="26.606" errors="0">
  <testcase name="testLoginWithValidCredentialsInMobiControl" time="4.941" classname="testSuit.KnowledgeBaseLoginTest"/>
  <testcase name="testLoginWithInvalidCrerdentialsInMobicontrol" time="21.665" classname="testSuit.KnowledgeBaseLoginTest"/>
</testsuite> <!-- testSuit.KnowledgeBaseLoginTest -->
