<?xml version="1.0" encoding="UTF-8"?>
<!-- Generated by org.testng.reporters.JUnitReportReporter -->
<testsuite hostname="DESKTOP-PARLO39" name="testSuit.KnowledgeBaseLoginTest" tests="5" failures="0" timestamp="17 May 2018 20:22:01 GMT" time="54.181" errors="0">
  <testcase name="testHomePageTitle" time="0.166" classname="testSuit.KnowledgeBaseLoginTest"/>
  <testcase name="testLoginWithValidCredentialsInMobiControl" time="17.731" classname="testSuit.KnowledgeBaseLoginTest"/>
  <testcase name="testLoginWithInvalidCrerdentialsInMobicontrol" time="20.863" classname="testSuit.KnowledgeBaseLoginTest"/>
  <testcase name="testHomePageTabSwitching" time="0.014" classname="testSuit.KnowledgeBaseLoginTest"/>
  <testcase name="testExistenceOfFeedbackButton" time="15.407" classname="testSuit.KnowledgeBaseLoginTest"/>
</testsuite> <!-- testSuit.KnowledgeBaseLoginTest -->
