<?xml version="1.0" encoding="UTF-8"?>
<!-- Generated by org.testng.reporters.JUnitReportReporter -->
<testsuite hostname="DESKTOP-PARLO39" name="testSuit.KnowledgeBaseLoginTest" tests="5" failures="0" timestamp="15 May 2018 19:23:39 GMT" time="15.692" errors="0">
  <testcase name="testHomePageTitle" time="0.150" classname="testSuit.KnowledgeBaseLoginTest"/>
  <testcase name="testExistenceOfFeedbackButton" time="15.336" classname="testSuit.KnowledgeBaseLoginTest"/>
  <testcase name="testHomePageTabSwitching" time="0.006" classname="testSuit.KnowledgeBaseLoginTest"/>
  <testcase name="testLoginWithValidCredentialsInMobiControl" time="0.134" classname="testSuit.KnowledgeBaseLoginTest"/>
  <testcase name="testLoginWithInvalidCrerdentialsInMobicontrol" time="0.066" classname="testSuit.KnowledgeBaseLoginTest"/>
</testsuite> <!-- testSuit.KnowledgeBaseLoginTest -->
