<?xml version="1.0" encoding="UTF-8"?>
<!-- Generated by org.testng.reporters.JUnitReportReporter -->
<testsuite hostname="IND157" name="testSuit.TestArticleDetails" tests="1" failures="0" timestamp="24 May 2018 15:45:59 GMT" time="39.092" errors="0">
  <testcase name="testPresenceOfArticleHelpfulPercentageAfterVotingYes" time="39.092" classname="testSuit.TestArticleDetails"/>
</testsuite> <!-- testSuit.TestArticleDetails -->
