<?xml version="1.0" encoding="UTF-8"?>
<!-- Generated by org.testng.reporters.JUnitReportReporter -->
<testsuite hostname="DESKTOP-PARLO39" name="testSuit.KnowledgeBaseLoginTest" tests="5" failures="0" timestamp="17 May 2018 20:37:58 GMT" time="50.754" errors="0">
  <testcase name="testHomePageTabSwitching" time="0.014" classname="testSuit.KnowledgeBaseLoginTest"/>
  <testcase name="testLoginWithValidCredentialsInMobiControl" time="16.506" classname="testSuit.KnowledgeBaseLoginTest"/>
  <testcase name="testLoginWithInvalidCrerdentialsInMobicontrol" time="18.973" classname="testSuit.KnowledgeBaseLoginTest"/>
  <testcase name="testExistenceOfFeedbackButton" time="15.028" classname="testSuit.KnowledgeBaseLoginTest"/>
  <testcase name="testHomePageTitle" time="0.233" classname="testSuit.KnowledgeBaseLoginTest"/>
</testsuite> <!-- testSuit.KnowledgeBaseLoginTest -->
