<?xml version="1.0" encoding="UTF-8"?>
<!-- Generated by org.testng.reporters.JUnitReportReporter -->
<testsuite hostname="IND157" name="testSuit.TestAddDiscussion" tests="2" failures="0" timestamp="23 May 2018 15:14:04 GMT" time="0.002" errors="0">
  <testcase name="testAddDiscussion" time="0.001" classname="testSuit.TestAddDiscussion"/>
  <testcase name="testFrontEndValidations" time="0.001" classname="testSuit.TestAddDiscussion"/>
</testsuite> <!-- testSuit.TestAddDiscussion -->
