<?xml version="1.0" encoding="UTF-8"?>
<!-- Generated by org.testng.reporters.JUnitReportReporter -->
<testsuite hostname="IND157" name="testSuit.TestAddArticle" tests="1" failures="0" timestamp="25 May 2018 10:00:45 GMT" time="0.010" errors="0">
  <testcase name="addArticle" time="0.010" classname="testSuit.TestAddArticle"/>
</testsuite> <!-- testSuit.TestAddArticle -->
